-------------------------------------------------------------------------------
Test set: cucumberOptions.TestRunner
-------------------------------------------------------------------------------
Tests run: 1, Failures: 1, Errors: 0, Skipped: 0, Time elapsed: 7.069 s <<< FAILURE! -- in cucumberOptions.TestRunner
Author API should respond correctly.Validate Author API has given personal name and alternate names in response -- Time elapsed: 5.778 s <<< FAILURE!
java.lang.AssertionError: Expected name not found in alternate_names!
	at org.junit.Assert.fail(Assert.java:89)
	at org.junit.Assert.assertTrue(Assert.java:42)
	at stepDefinitions.stepDefinitionAPI.i_verify_the_in_response_contains(stepDefinitionAPI.java:67)
	at ✽.I verify the "alternate_names" in response contains "Yugsashrashta Sachi Routray"(file:///C:/Users/Deepti/eclipse-workspace/revenue-test-app/src/test/java/features/CheckAPIResponse.feature:7)

