<?xml version="1.0" encoding="UTF-8"?>
<testsuite xmlns:xsi="http://www.w3.org/2001/XMLSchema-instance" xsi:noNamespaceSchemaLocation="https://maven.apache.org/surefire/maven-surefire-plugin/xsd/surefire-test-report-3.0.xsd" version="3.0" name="cucumberOptions.TestRunner" time="41.655" tests="4" errors="0" skipped="0" failures="1">
  <properties>
[...]
</properties>
  <testcase name="Validate Author API has given personal name and alternate names in response" classname="Author API should respond correctly" time="7.032">
    <system-out><![CDATA[
Scenario Outline: Validate Author API has given personal name and alternate names in response # src/test/java/features/CheckAPIResponse.feature:11
  Given the baseURL                                                                           # stepDefinitions.stepDefinitionAPI.the_base_url()
Request method:	GET
Request URI:	https://openlibrary.org/authors/OL1A.json
Proxy:			<none>
Request params:	<none>
Query params:	<none>
Form params:	<none>
Path params:	<none>
Headers:		Accept=*/*
Cookies:		<none>
Multiparts:		<none>
Body:			<none>
HTTP/1.1 200 OK
Server: nginx/1.28.0
Date: Sat, 25 Oct 2025 02:45:44 GMT
Content-Type: application/json
Transfer-Encoding: chunked
Connection: keep-alive
access-control-allow-origin: *
access-control-allow-method: GET, OPTIONS
access-control-max-age: 86400
x-ol-stats: "MC 2 0.001 TT 0 0.005"
Referrer-Policy: no-referrer-when-downgrade

{
    "name": "Sachi Routray",
    "bio": {
        "type": "/type/text",
        "value": "Sachidananda Routray (13 May 1916 – 21 August 2004) was an Indian poet, novelist and short-story writer who wrote in Odia. He received Jnanpith Award, the highest literary award of India, in 1986. He was popularly known as Sachi Routray."
    },
    "personal_name": "Sachi Rautroy",
    "death_date": "2004",
    "alternate_names": [
        "Satchidananda Raut Roy",
        "Satchidananda Raut-Roy",
        "Satchidananda Rautroy",
        "Satchi Raut Roy",
        "Satchi Raut-Roy",
        "Satchi Rautroy",
        "Saccidānanda Rāutarāẏa",
        "Yugashrashta Sachi Routray",
        "Sacci Rāutarāẏa",
        "Sachidananda Routray",
        "Rāutarāẏa, Saccidānanda",
        "ସଚ୍ଚିଦାନନ୍ଦ ରାଉତରାୟ ଓଡ଼ିଆ ଲେଖକ",
        "Sachi Rautroy"
    ],
    "birth_date": "1916",
    "type": {
        "key": "/type/author"
    },
    "remote_ids": {
        "wikidata": "Q5320436",
        "isni": "0000000119387514",
        "viaf": "107786978",
        "lc_naf": "n89283686"
    },
    "photos": [
        11538051
    ],
    "key": "/authors/OL1A",
    "latest_revision": 14,
    "revision": 14,
    "created": {
        "type": "/type/datetime",
        "value": "2008-04-01T03:28:50.625462"
    },
    "last_modified": {
        "type": "/type/datetime",
        "value": "2025-06-12T17:03:38.232232"
    }
}
  When I hit the endpoint for getAuthors                                                      # stepDefinitions.stepDefinitionAPI.i_hit_the_endpoint_for_get_authors()
  Then I verify the "personal_name" in response is "Sachi Rautroy"                            # stepDefinitions.stepDefinitionAPI.i_verify_the_in_response_is(java.lang.String,java.lang.String)
Request method:	GET
Request URI:	https://openlibrary.org/authors/OL1A.json
Proxy:			<none>
Request params:	<none>
Query params:	<none>
Form params:	<none>
Path params:	<none>
Headers:		Accept=*/*
Cookies:		<none>
Multiparts:		<none>
Body:			<none>
HTTP/1.1 200 OK
Server: nginx/1.28.0
Date: Sat, 25 Oct 2025 02:45:46 GMT
Content-Type: application/json
Transfer-Encoding: chunked
Connection: keep-alive
access-control-allow-origin: *
access-control-allow-method: GET, OPTIONS
access-control-max-age: 86400
x-ol-stats: "MC 2 0.001 TT 0 0.004"
Referrer-Policy: no-referrer-when-downgrade

{
    "name": "Sachi Routray",
    "bio": {
        "type": "/type/text",
        "value": "Sachidananda Routray (13 May 1916 – 21 August 2004) was an Indian poet, novelist and short-story writer who wrote in Odia. He received Jnanpith Award, the highest literary award of India, in 1986. He was popularly known as Sachi Routray."
    },
    "personal_name": "Sachi Rautroy",
    "death_date": "2004",
    "alternate_names": [
        "Satchidananda Raut Roy",
        "Satchidananda Raut-Roy",
        "Satchidananda Rautroy",
        "Satchi Raut Roy",
        "Satchi Raut-Roy",
        "Satchi Rautroy",
        "Saccidānanda Rāutarāẏa",
        "Yugashrashta Sachi Routray",
        "Sacci Rāutarāẏa",
        "Sachidananda Routray",
        "Rāutarāẏa, Saccidānanda",
        "ସଚ୍ଚିଦାନନ୍ଦ ରାଉତରାୟ ଓଡ଼ିଆ ଲେଖକ",
        "Sachi Rautroy"
    ],
    "birth_date": "1916",
    "type": {
        "key": "/type/author"
    },
    "remote_ids": {
        "wikidata": "Q5320436",
        "isni": "0000000119387514",
        "viaf": "107786978",
        "lc_naf": "n89283686"
    },
    "photos": [
        11538051
    ],
    "key": "/authors/OL1A",
    "latest_revision": 14,
    "revision": 14,
    "created": {
        "type": "/type/datetime",
        "value": "2008-04-01T03:28:50.625462"
    },
    "last_modified": {
        "type": "/type/datetime",
        "value": "2025-06-12T17:03:38.232232"
    }
}
  And I verify the "alternate_names" in response contains "Yugashrashta Sachi Routray"        # stepDefinitions.stepDefinitionAPI.i_verify_the_in_response_contains(java.lang.String,java.lang.String)
]]></system-out>
  </testcase>
  <testcase name="Open Service NSW and check online stamp duty page is visble and all details in popup are correct #1" classname="Check Motor Vehicle Stamp Duty with differents sets of data" time="11.768">
    <system-out><![CDATA[
Scenario Outline: Open Service NSW and check online stamp duty page is visble and all details in popup are correct # src/test/java/features/CheckStampDuty.feature:15
  Given I open the Service NSW check motor vehicle stamp duty page                                                 # stepDefinitions.stepDefinitionUI.i_open_the_service_nsw_check_motor_vehicle_stamp_duty_page()
  When I click the Check Online button                                                                             # stepDefinitions.stepDefinitionUI.i_click_the_check_online_button()
  Then The Check Online page should be displayed                                                                   # stepDefinitions.stepDefinitionUI.the_check_online_page_should_be_displayed()
  And on entering the 44999 in page                                                                                # stepDefinitions.stepDefinitionUI.on_entering_the_in_page(java.lang.Integer)
  And click on Calculate button                                                                                    # stepDefinitions.stepDefinitionUI.click_on_calculate_button()
Expected_Duty :$1,350.00
  Then All the details like  "Yes" "$1,350.00" are correct                                                         # stepDefinitions.stepDefinitionUI.all_the_details_like_are_correct(java.lang.String,java.lang.String)
Closing browser after scenario...
]]></system-out>
    <system-err><![CDATA[Oct 25, 2025 12:45:50 PM org.openqa.selenium.devtools.CdpVersionFinder findNearestMatch
WARNING: Unable to find CDP implementation matching 141
Oct 25, 2025 12:45:50 PM org.openqa.selenium.chromium.ChromiumDriver lambda$new$4
WARNING: Unable to find version of CDP to use for 141.0.7390.108. You may need to include a dependency on a specific version of the CDP using something similar to `org.seleniumhq.selenium:selenium-devtools-v86:4.29.0` where the version ("v86") matches the version of the chromium-based browser you're using and the version number of the artifact is the same as Selenium's.
]]></system-err>
  </testcase>
  <testcase name="Open Service NSW and check online stamp duty page is visble and all details in popup are correct #2" classname="Check Motor Vehicle Stamp Duty with differents sets of data" time="10.363">
    <failure message="expected:&lt;$1,35[0].00&gt; but was:&lt;$1,35[9].00&gt;" type="org.junit.ComparisonFailure"><![CDATA[org.junit.ComparisonFailure: expected:<$1,35[0].00> but was:<$1,35[9].00>
	at org.junit.Assert.assertEquals(Assert.java:117)
	at org.junit.Assert.assertEquals(Assert.java:146)
	at stepDefinitions.stepDefinitionUI.all_the_details_like_are_correct(stepDefinitionUI.java:114)
	at ✽.All the details like  "Yes" "$1,359.00" are correct(file:///C:/Users/Deepti/eclipse-workspace/revenue-test-app/src/test/java/features/CheckStampDuty.feature:11)
]]></failure>
    <system-out><![CDATA[
Scenario Outline: Open Service NSW and check online stamp duty page is visble and all details in popup are correct # src/test/java/features/CheckStampDuty.feature:16
  Given I open the Service NSW check motor vehicle stamp duty page                                                 # stepDefinitions.stepDefinitionUI.i_open_the_service_nsw_check_motor_vehicle_stamp_duty_page()
  When I click the Check Online button                                                                             # stepDefinitions.stepDefinitionUI.i_click_the_check_online_button()
  Then The Check Online page should be displayed                                                                   # stepDefinitions.stepDefinitionUI.the_check_online_page_should_be_displayed()
  And on entering the 45000 in page                                                                                # stepDefinitions.stepDefinitionUI.on_entering_the_in_page(java.lang.Integer)
  And click on Calculate button                                                                                    # stepDefinitions.stepDefinitionUI.click_on_calculate_button()
Expected_Duty :$1,350.00
  Then All the details like  "Yes" "$1,359.00" are correct                                                         # stepDefinitions.stepDefinitionUI.all_the_details_like_are_correct(java.lang.String,java.lang.String)
      org.junit.ComparisonFailure: expected:<$1,35[0].00> but was:<$1,35[9].00>
	at org.junit.Assert.assertEquals(Assert.java:117)
	at org.junit.Assert.assertEquals(Assert.java:146)
	at stepDefinitions.stepDefinitionUI.all_the_details_like_are_correct(stepDefinitionUI.java:114)
	at ✽.All the details like  "Yes" "$1,359.00" are correct(file:///C:/Users/Deepti/eclipse-workspace/revenue-test-app/src/test/java/features/CheckStampDuty.feature:11)

Closing browser after scenario...
]]></system-out>
    <system-err><![CDATA[Oct 25, 2025 12:46:01 PM org.openqa.selenium.devtools.CdpVersionFinder findNearestMatch
WARNING: Unable to find CDP implementation matching 141
Oct 25, 2025 12:46:01 PM org.openqa.selenium.chromium.ChromiumDriver lambda$new$4
WARNING: Unable to find version of CDP to use for 141.0.7390.108. You may need to include a dependency on a specific version of the CDP using something similar to `org.seleniumhq.selenium:selenium-devtools-v86:4.29.0` where the version ("v86") matches the version of the chromium-based browser you're using and the version number of the artifact is the same as Selenium's.
]]></system-err>
  </testcase>
  <testcase name="Open Service NSW and check online stamp duty page is visble and all details in popup are correct #3" classname="Check Motor Vehicle Stamp Duty with differents sets of data" time="11.049">
    <system-out><![CDATA[
Scenario Outline: Open Service NSW and check online stamp duty page is visble and all details in popup are correct # src/test/java/features/CheckStampDuty.feature:17
  Given I open the Service NSW check motor vehicle stamp duty page                                                 # stepDefinitions.stepDefinitionUI.i_open_the_service_nsw_check_motor_vehicle_stamp_duty_page()
  When I click the Check Online button                                                                             # stepDefinitions.stepDefinitionUI.i_click_the_check_online_button()
  Then The Check Online page should be displayed                                                                   # stepDefinitions.stepDefinitionUI.the_check_online_page_should_be_displayed()
  And on entering the 45500 in page                                                                                # stepDefinitions.stepDefinitionUI.on_entering_the_in_page(java.lang.Integer)
  And click on Calculate button                                                                                    # stepDefinitions.stepDefinitionUI.click_on_calculate_button()
Expected_Duty :$1,375.00
  Then All the details like  "Yes" "$1,375.00" are correct                                                         # stepDefinitions.stepDefinitionUI.all_the_details_like_are_correct(java.lang.String,java.lang.String)
Closing browser after scenario...
]]></system-out>
    <system-err><![CDATA[Oct 25, 2025 12:46:11 PM org.openqa.selenium.devtools.CdpVersionFinder findNearestMatch
WARNING: Unable to find CDP implementation matching 141
Oct 25, 2025 12:46:11 PM org.openqa.selenium.chromium.ChromiumDriver lambda$new$4
WARNING: Unable to find version of CDP to use for 141.0.7390.108. You may need to include a dependency on a specific version of the CDP using something similar to `org.seleniumhq.selenium:selenium-devtools-v86:4.29.0` where the version ("v86") matches the version of the chromium-based browser you're using and the version number of the artifact is the same as Selenium's.
]]></system-err>
  </testcase>
</testsuite>